<div class="story">
<h1>Sample story</h1>
<div class="path">./CheckConfigurations.story</div>
<div class="scenario">
<h2>Scenario: A scenario is a collection of executable steps of different type</h2>
<div class="step successful">Given Navigate to the <span class="step parameter">http://10.201.4.191/desav2_w/auth/login</span> url in the <span class="step parameter">chrome</span> browser</div>
<div class="step failed">When me conecto a gestar... <span class="keyword failed">(FAILED)</span><br/><span class="message failed">org.openqa.selenium.NoSuchWindowException: no such window: target window already closed
from unknown error: web view not found
  (Session info: chrome=58.0.3029.110)
  (Driver info: chromedriver=2.29.461591 (62ebf098771772160f391d75e589dc567915b233),platform=Windows NT 6.3.9600 x86_64) (WARNING: The server did not provide any stacktrace information)
Command duration or timeout: 3 milliseconds
Build info: version: '2.53.0', revision: '35ae25b1534ae328c771e0856c93e187490ca824', time: '2016-03-15 10:43:46'
System info: host: 'HYAAPALOMARESNB', ip: '192.168.233.1', os.name: 'Windows 8.1', os.arch: 'amd64', os.version: '6.3', java.version: '1.8.0_121'
Driver info: org.openqa.selenium.chrome.ChromeDriver
Capabilities [{applicationCacheEnabled=false, rotatable=false, mobileEmulationEnabled=false, networkConnectionEnabled=false, chrome={chromedriverVersion=2.29.461591 (62ebf098771772160f391d75e589dc567915b233), userDataDir=C:\Users\APALOM~1\AppData\Local\Temp\scoped_dir11968_10977}, takesHeapSnapshot=true, pageLoadStrategy=normal, databaseEnabled=false, handlesAlerts=true, hasTouchScreen=false, version=58.0.3029.110, platform=WIN8_1, browserConnectionEnabled=false, nativeEvents=true, acceptSslCerts=true, locationContextEnabled=true, webStorageEnabled=true, browserName=chrome, takesScreenshot=true, javascriptEnabled=true, cssSelectorsEnabled=true, unexpectedAlertBehaviour=}]
Session ID: 871dc317333bee046ec93a2f997dac12</span></div>
<div class="step notPerformed">When abrir carpeta de Sistemas... <span class="keyword notPerformed">(NOT PERFORMED)</span></div>
<div class="step notPerformed">When abro la carpeta configuraciones... <span class="keyword notPerformed">(NOT PERFORMED)</span></div>
<div class="step notPerformed">Then abro el elemento <span class="step parameter">doors.ini</span> <span class="keyword notPerformed">(NOT PERFORMED)</span></div>
<div class="step notPerformed">Then vuelvo a la pantalla anterior <span class="keyword notPerformed">(NOT PERFORMED)</span></div>
<div class="step notPerformed">Then abro el elemento <span class="step parameter">Settings.Administrator</span> <span class="keyword notPerformed">(NOT PERFORMED)</span></div>
<div class="step ignorable">!-- pierdo el foco. No puedo hacer el cambio</div>
<div class="step notPerformed">Then selecciono parametro ATTACHMENTS_PATH, modificar con <span class="step parameter">c:\Temp2</span> y guardar <span class="keyword notPerformed">(NOT PERFORMED)</span></div>
<div class="step ignorable">!-- Then selecciono parametro ATTACHMENTS_PATH, modificar con c:\Temp y guardar

!</div>
<pre class="failure">org.openqa.selenium.NoSuchWindowException: no such window: target window already closed
from unknown error: web view not found
  (Session info: chrome=58.0.3029.110)
  (Driver info: chromedriver=2.29.461591 (62ebf098771772160f391d75e589dc567915b233),platform=Windows NT 6.3.9600 x86_64) (WARNING: The server did not provide any stacktrace information)
Command duration or timeout: 3 milliseconds
Build info: version: '2.53.0', revision: '35ae25b1534ae328c771e0856c93e187490ca824', time: '2016-03-15 10:43:46'
System info: host: 'HYAAPALOMARESNB', ip: '192.168.233.1', os.name: 'Windows 8.1', os.arch: 'amd64', os.version: '6.3', java.version: '1.8.0_121'
Driver info: org.openqa.selenium.chrome.ChromeDriver
Capabilities [{applicationCacheEnabled=false, rotatable=false, mobileEmulationEnabled=false, networkConnectionEnabled=false, chrome={chromedriverVersion=2.29.461591 (62ebf098771772160f391d75e589dc567915b233), userDataDir=C:\Users\APALOM~1\AppData\Local\Temp\scoped_dir11968_10977}, takesHeapSnapshot=true, pageLoadStrategy=normal, databaseEnabled=false, handlesAlerts=true, hasTouchScreen=false, version=58.0.3029.110, platform=WIN8_1, browserConnectionEnabled=false, nativeEvents=true, acceptSslCerts=true, locationContextEnabled=true, webStorageEnabled=true, browserName=chrome, takesScreenshot=true, javascriptEnabled=true, cssSelectorsEnabled=true, unexpectedAlertBehaviour=}]
Session ID: 871dc317333bee046ec93a2f997dac12
	at sun.reflect.NativeConstructorAccessorImpl.newInstance0(Native Method)
	at sun.reflect.NativeConstructorAccessorImpl.newInstance(Unknown Source)
	at sun.reflect.DelegatingConstructorAccessorImpl.newInstance(Unknown Source)
	at java.lang.reflect.Constructor.newInstance(Unknown Source)
	at org.openqa.selenium.remote.ErrorHandler.createThrowable(ErrorHandler.java:206)
	at org.openqa.selenium.remote.ErrorHandler.throwIfResponseFailed(ErrorHandler.java:158)
	at org.openqa.selenium.remote.RemoteWebDriver.execute(RemoteWebDriver.java:678)
	at org.openqa.selenium.remote.RemoteWebDriver$RemoteTargetLocator.defaultContent(RemoteWebDriver.java:1039)
	at com.harriague.automate.module.web.agent.CommonAgentImpl.findG(CommonAgentImpl.java:414)
	at com.harriague.automate.module.web.agent.CommonAgentImpl.findInAllIframe(CommonAgentImpl.java:361)
	at com.harriague.automate.module.web.agent.CommonAgentImpl.findElement(CommonAgentImpl.java:873)
	at com.harriague.automate.module.web.agent.CommonAgentImpl.quickFindElement(CommonAgentImpl.java:744)
	at com.harriague.automate.module.web.agent.CommonAgentImpl.checkElementIsDisplayed(CommonAgentImpl.java:194)
	at com.harriague.automate.web.pages.impl.LoginPageImpl.hacerLogin(LoginPageImpl.java:43)
	at com.harriague.automate.web.steps.LoginSteps.veoPronostico(LoginSteps.java:14)
	at sun.reflect.NativeMethodAccessorImpl.invoke0(Native Method)
	at sun.reflect.NativeMethodAccessorImpl.invoke(Unknown Source)
	at sun.reflect.DelegatingMethodAccessorImpl.invoke(Unknown Source)
	at java.lang.reflect.Method.invoke(Unknown Source)
	at org.jbehave.core.steps.StepCreator$ParameterisedStep.perform(StepCreator.java:550)
	at org.jbehave.core.embedder.StoryRunner$FineSoFar.run(StoryRunner.java:499)
...</pre>
</div>
</div>
